<?xml version="1.0" encoding="UTF-8"?>
<testsuite xmlns:xsi="http://www.w3.org/2001/XMLSchema-instance" xsi:noNamespaceSchemaLocation="https://maven.apache.org/surefire/maven-surefire-plugin/xsd/surefire-test-report-3.0.xsd" version="3.0" name="com.healthfitness.auth.service.AuthServiceTest" time="0.674" tests="2" errors="0" skipped="0" failures="0">
  <properties>
[...]
</properties>
  <testcase name="registerUser_success" classname="com.healthfitness.auth.service.AuthServiceTest" time="0.66"/>
  <testcase name="registerUser_emailExists" classname="com.healthfitness.auth.service.AuthServiceTest" time="0.006"/>
</testsuite>